<?xml version="1.0" encoding="UTF-8"?>
<testng-results ignored="0" total="1" passed="1" failed="0" skipped="0">
  <reporter-output>
  </reporter-output>
  <suite started-at="2023-05-10T11:58:21 IST" name="Default suite" finished-at="2023-05-10T11:58:35 IST" duration-ms="14264">
    <groups>
    </groups>
    <test started-at="2023-05-10T11:58:21 IST" name="Default test" finished-at="2023-05-10T11:58:35 IST" duration-ms="14264">
      <class name="project.PIM">
        <test-method signature="addemployee()[pri:0, instance:project.PIM@2177849e]" started-at="2023-05-10T11:58:21 IST" name="addemployee" finished-at="2023-05-10T11:58:35 IST" duration-ms="14204" status="PASS">
          <reporter-output>
          </reporter-output>
        </test-method> <!-- addemployee -->
      </class> <!-- project.PIM -->
    </test> <!-- Default test -->
  </suite> <!-- Default suite -->
</testng-results>
